d:\users\oscar\documents\visual studio 2015\projects\cs256-a2\cs256-a2\debug\cs256-a2.pch
d:\users\oscar\documents\visual studio 2015\projects\cs256-a2\cs256-a2\debug\vc140.pdb
d:\users\oscar\documents\visual studio 2015\projects\cs256-a2\cs256-a2\debug\vc140.idb
d:\users\oscar\documents\visual studio 2015\projects\cs256-a2\cs256-a2\debug\stdafx.obj
d:\users\oscar\documents\visual studio 2015\projects\cs256-a2\cs256-a2\debug\carrotoperator.obj
d:\users\oscar\documents\visual studio 2015\projects\cs256-a2\cs256-a2\debug\cs256-a2.obj
d:\users\oscar\documents\visual studio 2015\projects\cs256-a2\cs256-a2\debug\additionoperator.obj
d:\users\oscar\documents\visual studio 2015\projects\cs256-a2\cs256-a2\debug\divisionoperator.obj
d:\users\oscar\documents\visual studio 2015\projects\cs256-a2\cs256-a2\debug\equalsassignmentoperator.obj
d:\users\oscar\documents\visual studio 2015\projects\cs256-a2\cs256-a2\debug\multiplicationoperator.obj
d:\users\oscar\documents\visual studio 2015\projects\cs256-a2\cs256-a2\debug\operator.obj
d:\users\oscar\documents\visual studio 2015\projects\cs256-a2\cs256-a2\debug\subtractionoperator.obj
d:\users\oscar\documents\visual studio 2015\projects\cs256-a2\cs256-a2\debug\value.obj
d:\users\oscar\documents\visual studio 2015\projects\cs256-a2\debug\cs256-a2.ilk
d:\users\oscar\documents\visual studio 2015\projects\cs256-a2\debug\cs256-a2.exe
d:\users\oscar\documents\visual studio 2015\projects\cs256-a2\debug\cs256-a2.pdb
d:\users\oscar\documents\visual studio 2015\projects\cs256-a2\cs256-a2\debug\cs256-a2.tlog\cl.command.1.tlog
d:\users\oscar\documents\visual studio 2015\projects\cs256-a2\cs256-a2\debug\cs256-a2.tlog\cl.read.1.tlog
d:\users\oscar\documents\visual studio 2015\projects\cs256-a2\cs256-a2\debug\cs256-a2.tlog\cl.write.1.tlog
d:\users\oscar\documents\visual studio 2015\projects\cs256-a2\cs256-a2\debug\cs256-a2.tlog\link.command.1.tlog
d:\users\oscar\documents\visual studio 2015\projects\cs256-a2\cs256-a2\debug\cs256-a2.tlog\link.read.1.tlog
d:\users\oscar\documents\visual studio 2015\projects\cs256-a2\cs256-a2\debug\cs256-a2.tlog\link.write.1.tlog
