Build started 11/11/2015 11:31:21 PM.
     1>Project "D:\Users\Oscar\Documents\Visual Studio 2015\Projects\CS256-A2\CS256-A2\CS256-A2.vcxproj" on node 2 (Rebuild target(s)).
     1>ClCompile:
         D:\Program Files (x86)\Microsoft Visual Studio 14.0\VC\bin\CL.exe /c /ZI /nologo /W3 /WX- /sdl /Od /Oy- /D WIN32 /D _DEBUG /D _CONSOLE /D _UNICODE /D UNICODE /Gm /EHsc /RTC1 /MDd /GS /fp:precise /Zc:wchar_t /Zc:forScope /Zc:inline /Yc"stdafx.h" /Fp"Debug\CS256-A2.pch" /Fo"Debug\\" /Fd"Debug\vc140.pdb" /Gd /TP /analyze- /errorReport:prompt stdafx.cpp
         stdafx.cpp
         D:\Program Files (x86)\Microsoft Visual Studio 14.0\VC\bin\CL.exe /c /ZI /nologo /W3 /WX- /sdl /Od /Oy- /D WIN32 /D _DEBUG /D _CONSOLE /D _UNICODE /D UNICODE /Gm /EHsc /RTC1 /MDd /GS /fp:precise /Zc:wchar_t /Zc:forScope /Zc:inline /Fo"Debug\\" /Fd"Debug\vc140.pdb" /Gd /TP /analyze- /errorReport:prompt CarrotOperator.cpp "CS256-A2.cpp" AdditionOperator.cpp DivisionOperator.cpp EqualsAssignmentOperator.cpp MultiplicationOperator.cpp Operator.cpp SubtractionOperator.cpp Value.cpp
         Value.cpp
         SubtractionOperator.cpp
         Operator.cpp
         MultiplicationOperator.cpp
         EqualsAssignmentOperator.cpp
         DivisionOperator.cpp
         AdditionOperator.cpp
         CS256-A2.cpp
     1>d:\users\oscar\documents\visual studio 2015\projects\cs256-a2\cs256-a2\cs256-a2.cpp(52): warning C4018: '<': signed/unsigned mismatch
     1>d:\users\oscar\documents\visual studio 2015\projects\cs256-a2\cs256-a2\cs256-a2.cpp(60): warning C4018: '<': signed/unsigned mismatch
     1>d:\users\oscar\documents\visual studio 2015\projects\cs256-a2\cs256-a2\cs256-a2.cpp(76): warning C4018: '<': signed/unsigned mismatch
     1>d:\users\oscar\documents\visual studio 2015\projects\cs256-a2\cs256-a2\cs256-a2.cpp(238): warning C4018: '<': signed/unsigned mismatch
         CarrotOperator.cpp
         Generating Code...
       Link:
         D:\Program Files (x86)\Microsoft Visual Studio 14.0\VC\bin\link.exe /ERRORREPORT:PROMPT /OUT:"D:\Users\Oscar\Documents\Visual Studio 2015\Projects\CS256-A2\Debug\CS256-A2.exe" /INCREMENTAL /NOLOGO kernel32.lib user32.lib gdi32.lib winspool.lib comdlg32.lib advapi32.lib shell32.lib ole32.lib oleaut32.lib uuid.lib odbc32.lib odbccp32.lib /MANIFEST /MANIFESTUAC:"level='asInvoker' uiAccess='false'" /manifest:embed /Debug /PDB:"D:\Users\Oscar\Documents\Visual Studio 2015\Projects\CS256-A2\Debug\CS256-A2.pdb" /SUBSYSTEM:CONSOLE /TLBID:1 /DYNAMICBASE /NXCOMPAT /IMPLIB:"D:\Users\Oscar\Documents\Visual Studio 2015\Projects\CS256-A2\Debug\CS256-A2.lib" /MACHINE:X86 Debug\CarrotOperator.obj
         "Debug\CS256-A2.obj"
         Debug\AdditionOperator.obj
         Debug\DivisionOperator.obj
         Debug\EqualsAssignmentOperator.obj
         Debug\MultiplicationOperator.obj
         Debug\Operator.obj
         Debug\stdafx.obj
         Debug\SubtractionOperator.obj
         Debug\Value.obj
         CS256-A2.vcxproj -> D:\Users\Oscar\Documents\Visual Studio 2015\Projects\CS256-A2\Debug\CS256-A2.exe
     1>Done Building Project "D:\Users\Oscar\Documents\Visual Studio 2015\Projects\CS256-A2\CS256-A2\CS256-A2.vcxproj" (Rebuild target(s)).

Build succeeded.

Time Elapsed 00:00:05.91
